2022-04-03 03:10:07.001  INFO 58488 --- [SpringContextShutdownHook] o.s.s.concurrent.ThreadPoolTaskExecutor  : Shutting down ExecutorService 'applicationTaskExecutor'
2022-04-03 03:10:07.006  INFO 58488 --- [SpringContextShutdownHook] com.alibaba.druid.pool.DruidDataSource   : {dataSource-1} closing ...
2022-04-03 03:10:07.008  INFO 58488 --- [SpringContextShutdownHook] com.alibaba.druid.pool.DruidDataSource   : {dataSource-1} closed
2022-04-03 14:41:32.763  INFO 3996 --- [restartedMain] yjp.SpringbootMybatisApplication         : Starting SpringbootMybatisApplication using Java 17.0.1 on MacBook-Pro.local with PID 3996 (/Users/bytedance/IdeaProjects/contest1/target/classes started by bytedance in /Users/bytedance/IdeaProjects/contest1)
2022-04-03 14:41:32.766 DEBUG 3996 --- [restartedMain] yjp.SpringbootMybatisApplication         : Running with Spring Boot v2.4.3, Spring v5.3.4
2022-04-03 14:41:32.768  INFO 3996 --- [restartedMain] yjp.SpringbootMybatisApplication         : No active profile set, falling back to default profiles: default
2022-04-03 14:41:32.847  INFO 3996 --- [restartedMain] .e.DevToolsPropertyDefaultsPostProcessor : Devtools property defaults active! Set 'spring.devtools.add-properties' to 'false' to disable
2022-04-03 14:41:32.847  INFO 3996 --- [restartedMain] .e.DevToolsPropertyDefaultsPostProcessor : For additional web related logging consider setting the 'logging.level.web' property to 'DEBUG'
2022-04-03 14:41:33.862  INFO 3996 --- [restartedMain] o.s.b.w.embedded.tomcat.TomcatWebServer  : Tomcat initialized with port(s): 9090 (http)
2022-04-03 14:41:33.870  INFO 3996 --- [restartedMain] o.apache.catalina.core.StandardService   : Starting service [Tomcat]
2022-04-03 14:41:33.871  INFO 3996 --- [restartedMain] org.apache.catalina.core.StandardEngine  : Starting Servlet engine: [Apache Tomcat/9.0.43]
2022-04-03 14:41:33.937  INFO 3996 --- [restartedMain] o.a.c.c.C.[Tomcat].[localhost].[/]       : Initializing Spring embedded WebApplicationContext
2022-04-03 14:41:33.937  INFO 3996 --- [restartedMain] w.s.c.ServletWebServerApplicationContext : Root WebApplicationContext: initialization completed in 1088 ms
2022-04-03 14:41:34.582  INFO 3996 --- [restartedMain] o.s.s.concurrent.ThreadPoolTaskExecutor  : Initializing ExecutorService 'applicationTaskExecutor'
2022-04-03 14:41:34.686  WARN 3996 --- [restartedMain] ion$DefaultTemplateResolverConfiguration : Cannot find template location: classpath:/templates/ (please add some templates or check your Thymeleaf configuration)
2022-04-03 14:41:34.793  INFO 3996 --- [restartedMain] o.s.b.d.a.OptionalLiveReloadServer       : LiveReload server is running on port 35729
2022-04-03 14:41:34.828  INFO 3996 --- [restartedMain] o.s.b.w.embedded.tomcat.TomcatWebServer  : Tomcat started on port(s): 9090 (http) with context path ''
2022-04-03 14:41:34.840  INFO 3996 --- [restartedMain] yjp.SpringbootMybatisApplication         : Started SpringbootMybatisApplication in 2.531 seconds (JVM running for 3.367)
2022-04-03 14:42:31.095  INFO 3996 --- [http-nio-9090-exec-1] o.a.c.c.C.[Tomcat].[localhost].[/]       : Initializing Spring DispatcherServlet 'dispatcherServlet'
2022-04-03 14:42:31.095  INFO 3996 --- [http-nio-9090-exec-1] o.s.web.servlet.DispatcherServlet        : Initializing Servlet 'dispatcherServlet'
2022-04-03 14:42:31.096  INFO 3996 --- [http-nio-9090-exec-1] o.s.web.servlet.DispatcherServlet        : Completed initialization in 1 ms
2022-04-03 17:43:28.719  INFO 3996 --- [SpringContextShutdownHook] o.s.s.concurrent.ThreadPoolTaskExecutor  : Shutting down ExecutorService 'applicationTaskExecutor'
2022-04-03 17:43:28.722  INFO 3996 --- [SpringContextShutdownHook] com.alibaba.druid.pool.DruidDataSource   : {dataSource-0} closing ...
2022-04-03 17:43:48.599  INFO 12332 --- [restartedMain] yjp.SpringbootMybatisApplication         : Starting SpringbootMybatisApplication using Java 17.0.1 on MacBook-Pro.local with PID 12332 (/Users/bytedance/IdeaProjects/contest1/target/classes started by bytedance in /Users/bytedance/IdeaProjects/contest1)
2022-04-03 17:43:48.602 DEBUG 12332 --- [restartedMain] yjp.SpringbootMybatisApplication         : Running with Spring Boot v2.4.3, Spring v5.3.4
2022-04-03 17:43:48.602  INFO 12332 --- [restartedMain] yjp.SpringbootMybatisApplication         : No active profile set, falling back to default profiles: default
2022-04-03 17:43:48.669  INFO 12332 --- [restartedMain] .e.DevToolsPropertyDefaultsPostProcessor : Devtools property defaults active! Set 'spring.devtools.add-properties' to 'false' to disable
2022-04-03 17:43:48.670  INFO 12332 --- [restartedMain] .e.DevToolsPropertyDefaultsPostProcessor : For additional web related logging consider setting the 'logging.level.web' property to 'DEBUG'
2022-04-03 17:43:49.681  INFO 12332 --- [restartedMain] o.s.b.w.embedded.tomcat.TomcatWebServer  : Tomcat initialized with port(s): 9090 (http)
2022-04-03 17:43:49.690  INFO 12332 --- [restartedMain] o.apache.catalina.core.StandardService   : Starting service [Tomcat]
2022-04-03 17:43:49.691  INFO 12332 --- [restartedMain] org.apache.catalina.core.StandardEngine  : Starting Servlet engine: [Apache Tomcat/9.0.43]
2022-04-03 17:43:49.765  INFO 12332 --- [restartedMain] o.a.c.c.C.[Tomcat].[localhost].[/]       : Initializing Spring embedded WebApplicationContext
2022-04-03 17:43:49.765  INFO 12332 --- [restartedMain] w.s.c.ServletWebServerApplicationContext : Root WebApplicationContext: initialization completed in 1092 ms
2022-04-03 17:43:50.383  INFO 12332 --- [restartedMain] o.s.s.concurrent.ThreadPoolTaskExecutor  : Initializing ExecutorService 'applicationTaskExecutor'
2022-04-03 17:43:50.494  WARN 12332 --- [restartedMain] ion$DefaultTemplateResolverConfiguration : Cannot find template location: classpath:/templates/ (please add some templates or check your Thymeleaf configuration)
2022-04-03 17:43:50.598  INFO 12332 --- [restartedMain] o.s.b.d.a.OptionalLiveReloadServer       : LiveReload server is running on port 35729
2022-04-03 17:43:50.634  INFO 12332 --- [restartedMain] o.s.b.w.embedded.tomcat.TomcatWebServer  : Tomcat started on port(s): 9090 (http) with context path ''
2022-04-03 17:43:50.645  INFO 12332 --- [restartedMain] yjp.SpringbootMybatisApplication         : Started SpringbootMybatisApplication in 2.383 seconds (JVM running for 3.271)
2022-04-03 17:45:25.690  INFO 12332 --- [http-nio-9090-exec-1] o.a.c.c.C.[Tomcat].[localhost].[/]       : Initializing Spring DispatcherServlet 'dispatcherServlet'
2022-04-03 17:45:25.691  INFO 12332 --- [http-nio-9090-exec-1] o.s.web.servlet.DispatcherServlet        : Initializing Servlet 'dispatcherServlet'
2022-04-03 17:45:25.692  INFO 12332 --- [http-nio-9090-exec-1] o.s.web.servlet.DispatcherServlet        : Completed initialization in 1 ms
2022-04-03 17:45:25.833  INFO 12332 --- [http-nio-9090-exec-1] com.alibaba.druid.pool.DruidDataSource   : {dataSource-1} inited
2022-04-03 17:45:26.231 DEBUG 12332 --- [http-nio-9090-exec-1] yjp.dao.UserDao.addUser                  : ==>  Preparing: insert into city.user(username, password, email, phone, name, team_id, gender, school) values (?, ?, ?, ?, ?, ?, ?, ?)
2022-04-03 17:45:26.252 DEBUG 12332 --- [http-nio-9090-exec-1] yjp.dao.UserDao.addUser                  : ==> Parameters: 杨靖平(String), root(String), wewe@qq.com(String), 12312312312(String), rrdd(String), 1(Integer), 1(Integer), 北京航空航天大学(String)
2022-04-03 17:45:26.282 DEBUG 12332 --- [http-nio-9090-exec-1] yjp.dao.UserDao.addUser                  : <==    Updates: 1
2022-04-03 17:45:51.925 DEBUG 12332 --- [http-nio-9090-exec-3] yjp.dao.UserDao.addUser                  : ==>  Preparing: insert into city.user(username, password, email, phone, name, team_id, gender, school) values (?, ?, ?, ?, ?, ?, ?, ?)
2022-04-03 17:45:51.926 DEBUG 12332 --- [http-nio-9090-exec-3] yjp.dao.UserDao.addUser                  : ==> Parameters: yjp(String), root(String), wewe@qq.com(String), 12312312312(String), rrdd(String), 1(Integer), 1(Integer), 北京航空航天大学(String)
2022-04-03 17:45:51.929 DEBUG 12332 --- [http-nio-9090-exec-3] yjp.dao.UserDao.addUser                  : <==    Updates: 1
2022-04-03 17:46:00.455 DEBUG 12332 --- [http-nio-9090-exec-4] yjp.dao.UserDao.addUser                  : ==>  Preparing: insert into city.user(username, password, email, phone, name, team_id, gender, school) values (?, ?, ?, ?, ?, ?, ?, ?)
2022-04-03 17:46:00.462 DEBUG 12332 --- [http-nio-9090-exec-4] yjp.dao.UserDao.addUser                  : ==> Parameters: yjpp(String), root(String), wewe@qq.com(String), 12312312312(String), rrdd(String), 1(Integer), 1(Integer), 北京航空航天大学(String)
2022-04-03 17:46:00.466 DEBUG 12332 --- [http-nio-9090-exec-4] yjp.dao.UserDao.addUser                  : <==    Updates: 1
2022-04-03 17:46:29.885 DEBUG 12332 --- [http-nio-9090-exec-5] yjp.dao.UserDao.listUser                 : ==>  Preparing: select * from city.user;
2022-04-03 17:46:29.886 DEBUG 12332 --- [http-nio-9090-exec-5] yjp.dao.UserDao.listUser                 : ==> Parameters: 
2022-04-03 17:46:29.907 DEBUG 12332 --- [http-nio-9090-exec-5] yjp.dao.UserDao.listUser                 : <==      Total: 3
2022-04-03 17:46:50.296 DEBUG 12332 --- [http-nio-9090-exec-6] yjp.dao.UserDao.listUser                 : ==>  Preparing: select * from city.user;
2022-04-03 17:46:50.297 DEBUG 12332 --- [http-nio-9090-exec-6] yjp.dao.UserDao.listUser                 : ==> Parameters: 
2022-04-03 17:46:50.300 DEBUG 12332 --- [http-nio-9090-exec-6] yjp.dao.UserDao.listUser                 : <==      Total: 3
2022-04-03 17:47:08.435 DEBUG 12332 --- [http-nio-9090-exec-7] yjp.dao.TeamDao.listTeam                 : ==>  Preparing: select * from city.team;
2022-04-03 17:47:08.437 DEBUG 12332 --- [http-nio-9090-exec-7] yjp.dao.TeamDao.listTeam                 : ==> Parameters: 
2022-04-03 17:47:08.447 DEBUG 12332 --- [http-nio-9090-exec-7] yjp.dao.TeamDao.listTeam                 : <==      Total: 10
2022-04-03 17:47:49.726  INFO 12332 --- [SpringContextShutdownHook] o.s.s.concurrent.ThreadPoolTaskExecutor  : Shutting down ExecutorService 'applicationTaskExecutor'
2022-04-03 17:47:49.728  INFO 12332 --- [SpringContextShutdownHook] com.alibaba.druid.pool.DruidDataSource   : {dataSource-1} closing ...
2022-04-03 17:47:49.733  INFO 12332 --- [SpringContextShutdownHook] com.alibaba.druid.pool.DruidDataSource   : {dataSource-1} closed
2022-04-03 17:47:54.207  INFO 12409 --- [restartedMain] yjp.SpringbootMybatisApplication         : Starting SpringbootMybatisApplication using Java 17.0.1 on MacBook-Pro.local with PID 12409 (/Users/bytedance/IdeaProjects/contest1/target/classes started by bytedance in /Users/bytedance/IdeaProjects/contest1)
2022-04-03 17:47:54.209 DEBUG 12409 --- [restartedMain] yjp.SpringbootMybatisApplication         : Running with Spring Boot v2.4.3, Spring v5.3.4
2022-04-03 17:47:54.210  INFO 12409 --- [restartedMain] yjp.SpringbootMybatisApplication         : No active profile set, falling back to default profiles: default
2022-04-03 17:47:54.245  INFO 12409 --- [restartedMain] .e.DevToolsPropertyDefaultsPostProcessor : Devtools property defaults active! Set 'spring.devtools.add-properties' to 'false' to disable
2022-04-03 17:47:54.245  INFO 12409 --- [restartedMain] .e.DevToolsPropertyDefaultsPostProcessor : For additional web related logging consider setting the 'logging.level.web' property to 'DEBUG'
2022-04-03 17:47:55.209  INFO 12409 --- [restartedMain] o.s.b.w.embedded.tomcat.TomcatWebServer  : Tomcat initialized with port(s): 9090 (http)
2022-04-03 17:47:55.220  INFO 12409 --- [restartedMain] o.apache.catalina.core.StandardService   : Starting service [Tomcat]
2022-04-03 17:47:55.220  INFO 12409 --- [restartedMain] org.apache.catalina.core.StandardEngine  : Starting Servlet engine: [Apache Tomcat/9.0.43]
2022-04-03 17:47:55.291  INFO 12409 --- [restartedMain] o.a.c.c.C.[Tomcat].[localhost].[/]       : Initializing Spring embedded WebApplicationContext
2022-04-03 17:47:55.291  INFO 12409 --- [restartedMain] w.s.c.ServletWebServerApplicationContext : Root WebApplicationContext: initialization completed in 1045 ms
2022-04-03 17:47:55.829  INFO 12409 --- [restartedMain] o.s.s.concurrent.ThreadPoolTaskExecutor  : Initializing ExecutorService 'applicationTaskExecutor'
2022-04-03 17:47:55.949  WARN 12409 --- [restartedMain] ion$DefaultTemplateResolverConfiguration : Cannot find template location: classpath:/templates/ (please add some templates or check your Thymeleaf configuration)
2022-04-03 17:47:56.056  INFO 12409 --- [restartedMain] o.s.b.d.a.OptionalLiveReloadServer       : LiveReload server is running on port 35729
2022-04-03 17:47:56.093  INFO 12409 --- [restartedMain] o.s.b.w.embedded.tomcat.TomcatWebServer  : Tomcat started on port(s): 9090 (http) with context path ''
2022-04-03 17:47:56.104  INFO 12409 --- [restartedMain] yjp.SpringbootMybatisApplication         : Started SpringbootMybatisApplication in 2.183 seconds (JVM running for 2.935)
2022-04-03 17:47:56.785  INFO 12409 --- [http-nio-9090-exec-2] o.a.c.c.C.[Tomcat].[localhost].[/]       : Initializing Spring DispatcherServlet 'dispatcherServlet'
2022-04-03 17:47:56.786  INFO 12409 --- [http-nio-9090-exec-2] o.s.web.servlet.DispatcherServlet        : Initializing Servlet 'dispatcherServlet'
2022-04-03 17:47:56.787  INFO 12409 --- [http-nio-9090-exec-2] o.s.web.servlet.DispatcherServlet        : Completed initialization in 1 ms
2022-04-03 17:47:56.852  INFO 12409 --- [http-nio-9090-exec-2] com.alibaba.druid.pool.DruidDataSource   : {dataSource-1} inited
2022-04-03 17:47:57.076 DEBUG 12409 --- [http-nio-9090-exec-2] yjp.dao.UserDao.listUser                 : ==>  Preparing: select * from city.user;
2022-04-03 17:47:57.092 DEBUG 12409 --- [http-nio-9090-exec-2] yjp.dao.UserDao.listUser                 : ==> Parameters: 
2022-04-03 17:47:57.108 DEBUG 12409 --- [http-nio-9090-exec-2] yjp.dao.UserDao.listUser                 : <==      Total: 3
